c:\users\geekidos\source\repos\sound2source\sound2source\debug\vc141.pdb
c:\users\geekidos\source\repos\sound2source\sound2source\debug\main.obj
c:\users\geekidos\source\repos\sound2source\sound2source\debug\mainform.obj
c:\users\geekidos\source\repos\sound2source\sound2source\debug\ncmdump.obj
c:\users\geekidos\source\repos\sound2source\sound2source\debug\cjson.obj
c:\users\geekidos\source\repos\sound2source\sound2source\debug\.netframework,version=v4.0.assemblyattributes.obj
c:\users\geekidos\source\repos\sound2source\sound2source\debug\.netframework,version=v4.0.assemblyattributes.asm
c:\users\geekidos\source\repos\sound2source\debug\sound2source.exe
c:\users\geekidos\source\repos\sound2source\debug\sound2source.pdb
c:\users\geekidos\source\repos\sound2source\sound2source\debug\sound2source.mainform.resources
c:\users\geekidos\source\repos\sound2source\debug\sound2source.lib
c:\users\geekidos\source\repos\sound2source\debug\sound2source.exp
c:\users\geekidos\source\repos\sound2source\sound2source\debug\sound2source.vcxproj.generateresource.cache
c:\users\geekidos\source\repos\sound2source\sound2source\debug\sound2source.vcxprojassemblyreference.cache
c:\users\geekidos\source\repos\sound2source\sound2source\debug\源.obj
c:\users\geekidos\source\repos\sound2source\sound2source\debug\sound2source.tlog\cl.command.1.tlog
c:\users\geekidos\source\repos\sound2source\sound2source\debug\sound2source.tlog\cl.read.1.tlog
c:\users\geekidos\source\repos\sound2source\sound2source\debug\sound2source.tlog\cl.write.1.tlog
c:\users\geekidos\source\repos\sound2source\sound2source\debug\sound2source.tlog\link.command.1.tlog
c:\users\geekidos\source\repos\sound2source\sound2source\debug\sound2source.tlog\link.read.1.tlog
c:\users\geekidos\source\repos\sound2source\sound2source\debug\sound2source.tlog\link.write.1.tlog
c:\users\geekidos\source\repos\sound2source\sound2source\debug\sound2source.tlog\metagen.read.1.tlog
c:\users\geekidos\source\repos\sound2source\sound2source\debug\sound2source.tlog\metagen.write.1.tlog
c:\users\geekidos\source\repos\sound2source\sound2source\debug\sound2source.tlog\sound2source.write.1u.tlog
