  MainForm.cpp
c:\users\geekidos\source\repos\sound2source\sound2source\mainform.h(234): warning C4996: 'access': The POSIX name for this item is deprecated. Instead, use the ISO C and C++ conformant name: _access. See online help for details.
  c:\program files (x86)\windows kits\10\include\10.0.17134.0\ucrt\corecrt_io.h(441): note: 参见“access”的声明
c:\users\geekidos\source\repos\sound2source\sound2source\mainform.h(235): warning C4996: 'mkdir': The POSIX name for this item is deprecated. Instead, use the ISO C and C++ conformant name: _mkdir. See online help for details.
  c:\program files (x86)\windows kits\10\include\10.0.17134.0\ucrt\direct.h(111): note: 参见“mkdir”的声明
  main.cpp
c:\users\geekidos\source\repos\sound2source\sound2source\mainform.h(234): warning C4996: 'access': The POSIX name for this item is deprecated. Instead, use the ISO C and C++ conformant name: _access. See online help for details.
  c:\program files (x86)\windows kits\10\include\10.0.17134.0\ucrt\corecrt_io.h(441): note: 参见“access”的声明
c:\users\geekidos\source\repos\sound2source\sound2source\mainform.h(235): warning C4996: 'mkdir': The POSIX name for this item is deprecated. Instead, use the ISO C and C++ conformant name: _mkdir. See online help for details.
  c:\program files (x86)\windows kits\10\include\10.0.17134.0\ucrt\direct.h(111): note: 参见“mkdir”的声明
c:\users\geekidos\source\repos\sound2source\sound2source\main.cpp(15): warning C4996: 'freopen': This function or variable may be unsafe. Consider using freopen_s instead. To disable deprecation, use _CRT_SECURE_NO_WARNINGS. See online help for details.
  c:\program files (x86)\windows kits\10\include\10.0.17134.0\ucrt\stdio.h(243): note: 参见“freopen”的声明
c:\users\geekidos\source\repos\sound2source\sound2source\main.cpp(16): warning C4996: 'freopen': This function or variable may be unsafe. Consider using freopen_s instead. To disable deprecation, use _CRT_SECURE_NO_WARNINGS. See online help for details.
  c:\program files (x86)\windows kits\10\include\10.0.17134.0\ucrt\stdio.h(243): note: 参见“freopen”的声明
c:\users\geekidos\source\repos\sound2source\sound2source\main.cpp(17): warning C4996: 'freopen': This function or variable may be unsafe. Consider using freopen_s instead. To disable deprecation, use _CRT_SECURE_NO_WARNINGS. See online help for details.
  c:\program files (x86)\windows kits\10\include\10.0.17134.0\ucrt\stdio.h(243): note: 参见“freopen”的声明
  ncm.cpp
c:\users\geekidos\source\repos\sound2source\sound2source\ncm.cpp(204): warning C4244: “初始化”: 从“std::streamsize”转换到“unsigned int”，可能丢失数据
c:\users\geekidos\source\repos\sound2source\sound2source\ncm.cpp(167): warning C4996: 'sprintf': This function or variable may be unsafe. Consider using sprintf_s instead. To disable deprecation, use _CRT_SECURE_NO_WARNINGS. See online help for details.
  c:\program files (x86)\windows kits\10\include\10.0.17134.0\ucrt\stdio.h(1774): note: 参见“sprintf”的声明
c:\users\geekidos\source\repos\sound2source\sound2source\ncm.cpp(177): warning C4996: 'sprintf': This function or variable may be unsafe. Consider using sprintf_s instead. To disable deprecation, use _CRT_SECURE_NO_WARNINGS. See online help for details.
  c:\program files (x86)\windows kits\10\include\10.0.17134.0\ucrt\stdio.h(1774): note: 参见“sprintf”的声明
  正在生成代码...
  ACM.obj :托管的代码存在时 /DEBUG:FASTLINK 不受支持；正在重新启动与 /DEBUG:FULL 的链接
  ACM.obj : 遇到了 MSIL 模块；对 MSIL 禁用了增量链接；正在执行完全链接
    正在创建库 C:\Users\GEEKiDoS\source\repos\Sound2Source\Debug\SOUND2Source.lib 和对象 C:\Users\GEEKiDoS\source\repos\Sound2Source\Debug\SOUND2Source.exp
ncm.obj : warning LNK4248: 无法解析 typeref 标记(01000018)(为“evp_cipher_ctx_st”)；映像可能无法运行
ncm.obj : warning LNK4248: 无法解析 typeref 标记(0100001C)(为“bio_st”)；映像可能无法运行
ncm.obj : warning LNK4248: 无法解析 typeref 标记(0100001D)(为“bio_method_st”)；映像可能无法运行
ncm.obj : warning LNK4248: 无法解析 typeref 标记(0100002D)(为“evp_cipher_st”)；映像可能无法运行
ncm.obj : warning LNK4248: 无法解析 typeref 标记(01000030)(为“engine_st”)；映像可能无法运行
  Sound2Source.vcxproj -> C:\Users\GEEKiDoS\source\repos\Sound2Source\Debug\SOUND2Source.exe
