c:\users\geekidos\source\repos\sound2source\sound2source\release\vc141.pdb
c:\users\geekidos\source\repos\sound2source\sound2source\release\mainform.obj
c:\users\geekidos\source\repos\sound2source\sound2source\release\main.obj
c:\users\geekidos\source\repos\sound2source\sound2source\release\cjson.obj
c:\users\geekidos\source\repos\sound2source\sound2source\release\ncmdump.obj
c:\users\geekidos\source\repos\sound2source\sound2source\release\.netframework,version=v4.0.assemblyattributes.obj
c:\users\geekidos\source\repos\sound2source\sound2source\release\.netframework,version=v4.0.assemblyattributes.asm
c:\users\geekidos\source\repos\sound2source\sound2source\release\ncm.obj
c:\users\geekidos\source\repos\sound2source\sound2source\release\acm.obj
c:\users\geekidos\source\repos\sound2source\release\sound2source.exe
c:\users\geekidos\source\repos\sound2source\release\sound2source.pdb
c:\users\geekidos\source\repos\sound2source\sound2source\release\resource.res
c:\users\geekidos\source\repos\sound2source\sound2source\release\sound2source.mainform.resources
c:\users\geekidos\source\repos\sound2source\release\sound2source.lib
c:\users\geekidos\source\repos\sound2source\release\sound2source.exp
c:\users\geekidos\source\repos\sound2source\sound2source\release\sound2source.vcxproj.generateresource.cache
c:\users\geekidos\source\repos\sound2source\sound2source\release\sound2source.vcxprojassemblyreference.cache
c:\users\geekidos\source\repos\sound2source\sound2source\release\sound2source.tlog\cl.command.1.tlog
c:\users\geekidos\source\repos\sound2source\sound2source\release\sound2source.tlog\cl.read.1.tlog
c:\users\geekidos\source\repos\sound2source\sound2source\release\sound2source.tlog\cl.write.1.tlog
c:\users\geekidos\source\repos\sound2source\sound2source\release\sound2source.tlog\link.command.1.tlog
c:\users\geekidos\source\repos\sound2source\sound2source\release\sound2source.tlog\link.delete.1.tlog
c:\users\geekidos\source\repos\sound2source\sound2source\release\sound2source.tlog\link.read.1.tlog
c:\users\geekidos\source\repos\sound2source\sound2source\release\sound2source.tlog\link.write.1.tlog
c:\users\geekidos\source\repos\sound2source\sound2source\release\sound2source.tlog\metagen.read.1.tlog
c:\users\geekidos\source\repos\sound2source\sound2source\release\sound2source.tlog\metagen.write.1.tlog
c:\users\geekidos\source\repos\sound2source\sound2source\release\sound2source.tlog\rc.command.1.tlog
c:\users\geekidos\source\repos\sound2source\sound2source\release\sound2source.tlog\rc.read.1.tlog
c:\users\geekidos\source\repos\sound2source\sound2source\release\sound2source.tlog\rc.write.1.tlog
c:\users\geekidos\source\repos\sound2source\sound2source\release\sound2source.tlog\sound2source.write.1u.tlog
